<?xml version="1.0" encoding="UTF-8"?>
<testsuite name="xyz Bank Test"
           tests="6"
           failures="0"
           errors="0"
           skipped="0"
           time="9.108">
  <properties />
  
  
            <testcase name="verifyCustomerShouldDepositMoneySuccessfully" time="1.652" classname="com.bank.testbase.testsuite.BankTest" />
                <testcase name="verifyBankManagerShouldAddCustomerSuccessfully" time="1.253" classname="com.bank.testbase.testsuite.BankTest" />
                <testcase name="verifyBankManagerShouldOpenAccountSuccessfully" time="1.356" classname="com.bank.testbase.testsuite.BankTest" />
                <testcase name="verifyBankManagerShouldDeleteCustomerAccountSuccessfully" time="1.494" classname="com.bank.testbase.testsuite.BankTest" />
                <testcase name="verifyCustomerShouldWithdrawMoneySuccessfully" time="2.011" classname="com.bank.testbase.testsuite.BankTest" />
                <testcase name="verifyCustomerShouldLoginAndLogoutSuccessfully" time="1.342" classname="com.bank.testbase.testsuite.BankTest" />
      
</testsuite>
